<?xml version="1.0" encoding="UTF-8"?>
<!-- Generated by org.testng.reporters.JUnitReportReporter -->
<testsuite skipped="0" hostname="CHWEYA-QA" name="pages.LatestCategoryTest" tests="7" failures="0" timestamp="2020-01-28T15:49:53 EAT" time="127.535" errors="0">
  <testcase name="navigateToLatestNews" time="3.677" classname="pages.LatestCategoryTest"/>
  <testcase name="getAllPageLinks" time="0.685" classname="pages.LatestCategoryTest"/>
  <testcase name="scrollToLink" time="10.070" classname="pages.LatestCategoryTest"/>
  <testcase name="clickPageLink" time="9.666" classname="pages.LatestCategoryTest"/>
  <testcase name="postStory" time="10.861" classname="pages.LatestCategoryTest"/>
  <testcase name="publishStory" time="10.229" classname="pages.LatestCategoryTest"/>
  <testcase name="validatePost" time="82.347" classname="pages.LatestCategoryTest"/>
</testsuite> <!-- pages.LatestCategoryTest -->
